0 info it worked if it ends with ok
1 verbose cli [ '/usr/local/bin/node', '/usr/local/bin/npm', 'publish' ]
2 info using npm@2.14.12
3 info using node@v4.2.6
4 verbose publish [ '.' ]
5 silly cache add args [ '.', null ]
6 verbose cache add spec .
7 silly cache add parsed spec Result {
7 silly cache add   raw: '.',
7 silly cache add   scope: null,
7 silly cache add   name: null,
7 silly cache add   rawSpec: '.',
7 silly cache add   spec: '/Users/aman/Projects/hks/alexarasp',
7 silly cache add   type: 'directory' }
8 verbose addLocalDirectory /Users/aman/.npm/alexa-raspberry/0.1.0/package.tgz not in flight; packing
9 verbose tar pack [ '/Users/aman/.npm/alexa-raspberry/0.1.0/package.tgz',
9 verbose tar pack   '/Users/aman/Projects/hks/alexarasp' ]
10 verbose tarball /Users/aman/.npm/alexa-raspberry/0.1.0/package.tgz
11 verbose folder /Users/aman/Projects/hks/alexarasp
12 info prepublish alexa-raspberry@0.1.0
13 verbose addLocalTarball adding from inside cache /Users/aman/.npm/alexa-raspberry/0.1.0/package.tgz
14 silly cache afterAdd alexa-raspberry@0.1.0
15 verbose afterAdd /Users/aman/.npm/alexa-raspberry/0.1.0/package/package.json not in flight; writing
16 verbose afterAdd /Users/aman/.npm/alexa-raspberry/0.1.0/package/package.json written
17 silly publish { name: 'alexa-raspberry',
17 silly publish   version: '0.1.0',
17 silly publish   description: 'Emulates devices on Raspberry Pi and accepts commands',
17 silly publish   main: 'app.js',
17 silly publish   dependencies: { wemore: '^0.3.0' },
17 silly publish   devDependencies: {},
17 silly publish   scripts: { test: 'echo "Error: no test specified" && exit 1' },
17 silly publish   repository:
17 silly publish    { type: 'git',
17 silly publish      url: 'git+https://github.com/amansx/alexa-raspberry.git' },
17 silly publish   author: { name: 'Amanpreet Singh' },
17 silly publish   license: 'MIT',
17 silly publish   bin: { 'alexa-raspberry': 'app.js' },
17 silly publish   bugs: { url: 'https://github.com/amansx/alexa-raspberry/issues' },
17 silly publish   homepage: 'https://github.com/amansx/alexa-raspberry#readme',
17 silly publish   readme: '# Wemo Emulation Server\nEmulates multiple devices using the ["Wemore"](https://github.com/dhleong/wemore) Library on RaspberryPi (or anything running Node.Js) as Wemo Switches and executes commands described in the configuration.\n\n```\n// Example Configuration\n{\n\t"Terminal A":{ \n\t\t"oncommand": "/bin/chvt 1" \n\t},\n\n\t"Display": { \n\t\t"oncommand"  : "/opt/vc/bin/tvservice -p",\n\t\t"offcommand" : "/opt/vc/bin/tvservice -o"\n\t}\n\n}\n```\n\n##Installation\n```\n// Install Globally\nsudo npm install node-raspberry -g\n```\n\n##Execution\n```\n// Place devices.json in the execution path\nnode app\n```\nor\n\n```\n// Provide file path as\nnode app ./examples/devices.json\nnode app /etc/wemo/devices.json\n```\n\n\n##Usage\nUse the alexa app on your cell phone/tablet to search for devices\n\n```\nAlexa turn on \'Display\'\n```',
17 silly publish   readmeFilename: 'README.md',
17 silly publish   gitHead: 'e0def0849233610432647096d531d65e82e1ead9',
17 silly publish   _id: 'alexa-raspberry@0.1.0',
17 silly publish   _shasum: '4fb2897b812a0a1414de74432cfbd7aac7f09577',
17 silly publish   _from: '.' }
18 verbose getPublishConfig undefined
19 silly mapToRegistry name alexa-raspberry
20 silly mapToRegistry using default registry
21 silly mapToRegistry registry https://registry.npmjs.org/
22 silly mapToRegistry uri https://registry.npmjs.org/alexa-raspberry
23 verbose publish registryBase https://registry.npmjs.org/
24 silly publish uploading /Users/aman/.npm/alexa-raspberry/0.1.0/package.tgz
25 verbose request uri https://registry.npmjs.org/alexa-raspberry
26 verbose request sending authorization for write operation
27 info attempt registry request try #1 at 2:51:09 PM
28 verbose request using bearer token for auth
29 verbose request id 8e301e752ffcb2dc
30 http request PUT https://registry.npmjs.org/alexa-raspberry
31 http 403 https://registry.npmjs.org/alexa-raspberry
32 verbose headers { 'content-type': 'application/json',
32 verbose headers   'cache-control': 'max-age=300',
32 verbose headers   'content-length': '128',
32 verbose headers   'accept-ranges': 'bytes',
32 verbose headers   date: 'Wed, 14 Dec 2016 19:51:10 GMT',
32 verbose headers   via: '1.1 varnish',
32 verbose headers   connection: 'keep-alive',
32 verbose headers   'x-served-by': 'cache-jfk8151-JFK',
32 verbose headers   'x-cache': 'MISS',
32 verbose headers   'x-cache-hits': '0',
32 verbose headers   'x-timer': 'S1481745069.578645,VS0,VE1199',
32 verbose headers   vary: 'Accept-Encoding' }
33 verbose request invalidating /Users/aman/.npm/registry.npmjs.org/alexa-raspberry on PUT
34 error publish Failed PUT 403
35 verbose stack Error: "You cannot publish over the previously published version 0.1.0. Try bumping the version to 1.0.0" : alexa-raspberry
35 verbose stack     at makeError (/usr/local/lib/node_modules/npm/node_modules/npm-registry-client/lib/request.js:264:12)
35 verbose stack     at CachingRegistryClient.<anonymous> (/usr/local/lib/node_modules/npm/node_modules/npm-registry-client/lib/request.js:252:14)
35 verbose stack     at Request._callback (/usr/local/lib/node_modules/npm/node_modules/npm-registry-client/lib/request.js:172:14)
35 verbose stack     at Request.self.callback (/usr/local/lib/node_modules/npm/node_modules/request/request.js:198:22)
35 verbose stack     at emitTwo (events.js:87:13)
35 verbose stack     at Request.emit (events.js:172:7)
35 verbose stack     at Request.<anonymous> (/usr/local/lib/node_modules/npm/node_modules/request/request.js:1082:10)
35 verbose stack     at emitOne (events.js:82:20)
35 verbose stack     at Request.emit (events.js:169:7)
35 verbose stack     at IncomingMessage.<anonymous> (/usr/local/lib/node_modules/npm/node_modules/request/request.js:1009:12)
36 verbose statusCode 403
37 verbose pkgid alexa-raspberry
38 verbose cwd /Users/aman/Projects/hks/alexarasp
39 error Darwin 15.6.0
40 error argv "/usr/local/bin/node" "/usr/local/bin/npm" "publish"
41 error node v4.2.6
42 error npm  v2.14.12
43 error code E403
44 error "You cannot publish over the previously published version 0.1.0. Try bumping the version to 1.0.0" : alexa-raspberry
45 error If you need help, you may report this error at:
45 error     <https://github.com/npm/npm/issues>
46 verbose exit [ 1, true ]
